<?xml version="1.0" encoding="UTF-8"?>
<!-- Generated by org.testng.reporters.JUnitReportReporter -->
<testsuite skipped="0" hostname="SOMIL-PC" name="com.phptravels.testcases.LoginTest" tests="4" failures="0" timestamp="2022-02-12T23:55:14 IST" time="41.197" errors="0">
  <testcase name="verifyLogin" time="5.739" classname="com.phptravels.testcases.LoginTest"/>
  <system-out/>
  <testcase name="testFlightBooking" time="7.496" classname="com.phptravels.testcases.LoginTest"/>
  <system-out/>
  <testcase name="selectFlightTest" time="5.358" classname="com.phptravels.testcases.LoginTest"/>
  <system-out/>
  <testcase name="testPaymentPage" time="22.604" classname="com.phptravels.testcases.LoginTest"/>
  <system-out/>
</testsuite> <!-- com.phptravels.testcases.LoginTest -->
